Using pre-set license
Built from '2021.3/staging' branch; Version is '2021.3.6f1 (7da38d85baf6) revision 8233869'; Using compiler version '192829333'; Build Type 'Release'
OS: 'Windows 10  (10.0.19044) 64bit Core' Language: 'it' Physical Memory: 16320 MB
BatchMode: 1, IsHumanControllingUs: 0, StartBugReporterOnCrash: 0, Is64bit: 1, IsPro: 1

COMMAND LINE ARGUMENTS:
C:\Program Files\Unity\Hub\Editor\2021.3.6f1\Editor\Unity.exe
-adb2
-batchMode
-noUpm
-name
AssetImportWorker0
-projectPath
C:/Users/Vito/Documents/GitHub/Roll-the-dice
-logFile
Logs/AssetImportWorker0.log
-srvPort
53305
Successfully changed project path to: C:/Users/Vito/Documents/GitHub/Roll-the-dice
C:/Users/Vito/Documents/GitHub/Roll-the-dice
[UnityMemory] Configuration Parameters - Can be set up in boot.config
    "memorysetup-bucket-allocator-granularity=16"
    "memorysetup-bucket-allocator-bucket-count=8"
    "memorysetup-bucket-allocator-block-size=33554432"
    "memorysetup-bucket-allocator-block-count=8"
    "memorysetup-main-allocator-block-size=16777216"
    "memorysetup-thread-allocator-block-size=16777216"
    "memorysetup-gfx-main-allocator-block-size=16777216"
    "memorysetup-gfx-thread-allocator-block-size=16777216"
    "memorysetup-cache-allocator-block-size=4194304"
    "memorysetup-typetree-allocator-block-size=2097152"
    "memorysetup-profiler-bucket-allocator-granularity=16"
    "memorysetup-profiler-bucket-allocator-bucket-count=8"
    "memorysetup-profiler-bucket-allocator-block-size=33554432"
    "memorysetup-profiler-bucket-allocator-block-count=8"
    "memorysetup-profiler-allocator-block-size=16777216"
    "memorysetup-profiler-editor-allocator-block-size=1048576"
    "memorysetup-temp-allocator-size-main=16777216"
    "memorysetup-job-temp-allocator-block-size=2097152"
    "memorysetup-job-temp-allocator-block-size-background=1048576"
    "memorysetup-job-temp-allocator-reduction-small-platforms=262144"
    "memorysetup-temp-allocator-size-background-worker=32768"
    "memorysetup-temp-allocator-size-job-worker=262144"
    "memorysetup-temp-allocator-size-preload-manager=33554432"
    "memorysetup-temp-allocator-size-nav-mesh-worker=65536"
    "memorysetup-temp-allocator-size-audio-worker=65536"
    "memorysetup-temp-allocator-size-cloud-worker=32768"
    "memorysetup-temp-allocator-size-gi-baking-worker=262144"
    "memorysetup-temp-allocator-size-gfx=262144"
Refreshing native plugins compatible for Editor in 163.88 ms, found 4 plugins.
Preloading 0 native plugins for Editor in 0.00 ms.
Initialize engine version: 2021.3.6f1 (7da38d85baf6)
[Subsystems] Discovering subsystems at path C:/Program Files/Unity/Hub/Editor/2021.3.6f1/Editor/Data/Resources/UnitySubsystems
[Subsystems] Discovering subsystems at path C:/Users/Vito/Documents/GitHub/Roll-the-dice/Assets
GfxDevice: creating device client; threaded=0; jobified=0
Direct3D:
    Version:  Direct3D 11.0 [level 11.1]
    Renderer: Radeon RX 570 Series (ID=0x67df)
    Vendor:   ATI
    VRAM:     8171 MB
    Driver:   30.0.13023.4001
Initialize mono
Mono path[0] = 'C:/Program Files/Unity/Hub/Editor/2021.3.6f1/Editor/Data/Managed'
Mono path[1] = 'C:/Program Files/Unity/Hub/Editor/2021.3.6f1/Editor/Data/MonoBleedingEdge/lib/mono/unityjit-win32'
Mono config path = 'C:/Program Files/Unity/Hub/Editor/2021.3.6f1/Editor/Data/MonoBleedingEdge/etc'
Using monoOptions --debugger-agent=transport=dt_socket,embedding=1,server=y,suspend=n,address=127.0.0.1:56976
Begin MonoManager ReloadAssembly
Registering precompiled unity dll's ...
Register platform support module: C:/Program Files/Unity/Hub/Editor/2021.3.6f1/Editor/Data/PlaybackEngines/WindowsStandaloneSupport/UnityEditor.WindowsStandalone.Extensions.dll
Register platform support module: C:/Program Files/Unity/Hub/Editor/2021.3.6f1/Editor/Data/PlaybackEngines/LinuxStandaloneSupport/UnityEditor.LinuxStandalone.Extensions.dll
Registered in 0.016606 seconds.
Native extension for LinuxStandalone target not found
Native extension for WindowsStandalone target not found
Refreshing native plugins compatible for Editor in 155.83 ms, found 4 plugins.
Preloading 0 native plugins for Editor in 0.00 ms.
Mono: successfully reloaded assembly
- Completed reload, in  1.078 seconds
Domain Reload Profiling:
	ReloadAssembly (1079ms)
		BeginReloadAssembly (124ms)
			ExecutionOrderSort (0ms)
			DisableScriptedObjects (0ms)
			BackupInstance (0ms)
			ReleaseScriptingObjects (0ms)
			CreateAndSetChildDomain (1ms)
		EndReloadAssembly (772ms)
			LoadAssemblies (126ms)
			RebuildTransferFunctionScriptingTraits (0ms)
			SetupTypeCache (162ms)
			ReleaseScriptCaches (0ms)
			RebuildScriptCaches (42ms)
			SetupLoadedEditorAssemblies (463ms)
				LogAssemblyErrors (0ms)
				InitializePlatformSupportModulesInManaged (23ms)
				SetLoadedEditorAssemblies (0ms)
				RefreshPlugins (156ms)
				BeforeProcessingInitializeOnLoad (1ms)
				ProcessInitializeOnLoadAttributes (216ms)
				ProcessInitializeOnLoadMethodAttributes (66ms)
				AfterProcessingInitializeOnLoad (0ms)
				EditorAssembliesLoaded (0ms)
			ExecutionOrderSort2 (0ms)
			AwakeInstancesAfterBackupRestoration (0ms)
Platform modules already initialized, skipping
Registering precompiled user dll's ...
Registered in 0.015277 seconds.
Begin MonoManager ReloadAssembly
Symbol file LoadedFromMemory doesn't match image C:\Users\Vito\Documents\GitHub\Roll-the-dice\Library\PackageCache\com.unity.visualscripting@1.7.8\Editor\VisualScripting.Core\Dependencies\YamlDotNet\Unity.VisualScripting.YamlDotNet.dll
Symbol file LoadedFromMemory doesn't match image C:\Users\Vito\Documents\GitHub\Roll-the-dice\Library\PackageCache\com.unity.visualscripting@1.7.8\Editor\VisualScripting.Core\Dependencies\DotNetZip\Unity.VisualScripting.IonicZip.dll
Native extension for LinuxStandalone target not found
Native extension for WindowsStandalone target not found
Refreshing native plugins compatible for Editor in 144.21 ms, found 4 plugins.
Preloading 0 native plugins for Editor in 0.00 ms.
Mono: successfully reloaded assembly
- Completed reload, in  1.890 seconds
Domain Reload Profiling:
	ReloadAssembly (1892ms)
		BeginReloadAssembly (163ms)
			ExecutionOrderSort (0ms)
			DisableScriptedObjects (9ms)
			BackupInstance (0ms)
			ReleaseScriptingObjects (0ms)
			CreateAndSetChildDomain (27ms)
		EndReloadAssembly (1530ms)
			LoadAssemblies (130ms)
			RebuildTransferFunctionScriptingTraits (0ms)
			SetupTypeCache (421ms)
			ReleaseScriptCaches (1ms)
			RebuildScriptCaches (80ms)
			SetupLoadedEditorAssemblies (808ms)
				LogAssemblyErrors (0ms)
				InitializePlatformSupportModulesInManaged (22ms)
				SetLoadedEditorAssemblies (0ms)
				RefreshPlugins (144ms)
				BeforeProcessingInitializeOnLoad (165ms)
				ProcessInitializeOnLoadAttributes (379ms)
				ProcessInitializeOnLoadMethodAttributes (80ms)
				AfterProcessingInitializeOnLoad (17ms)
				EditorAssembliesLoaded (0ms)
			ExecutionOrderSort2 (0ms)
			AwakeInstancesAfterBackupRestoration (10ms)
Platform modules already initialized, skipping
========================================================================
Worker process is ready to serve import requests
Launched and connected shader compiler UnityShaderCompiler.exe after 0.22 seconds
Refreshing native plugins compatible for Editor in 0.84 ms, found 4 plugins.
Preloading 0 native plugins for Editor in 0.00 ms.
Unloading 4066 Unused Serialized files (Serialized files now loaded: 0)
Unloading 44 unused Assets / (222.9 KB). Loaded Objects now: 4517.
Memory consumption went from 151.4 MB to 151.2 MB.
Total: 7.036300 ms (FindLiveObjects: 0.376900 ms CreateObjectMapping: 0.316900 ms MarkObjects: 6.149000 ms  DeleteObjects: 0.192400 ms)

AssetImportParameters requested are different than current active one (requested -> active):
  custom:video-decoder-ogg-theora: a1e56fd34408186e4bbccfd4996cb3dc -> 
  custom:container-muxer-webm: aa71ff27fc2769a1b78a27578f13a17b -> 
  custom:container-demuxer-webm: 4f35f7cbe854078d1ac9338744f61a02 -> 
  custom:video-encoder-webm-vp8: eb34c28f22e8b96e1ab97ce403110664 -> 
  custom:audio-encoder-webm-vorbis: bf7c407c2cedff20999df2af8eb42d56 -> 
  custom:framework-win-MediaFoundation: 216162199b28c13a410421893ffa2e32 -> 
  custom:container-demuxer-ogg: 62fdf1f143b41e24485cea50d1cbac27 -> 
  custom:video-decoder-webm-vp8: 9c59270c3fd7afecdb556c50c9e8de78 -> 
  custom:audio-decoder-ogg-vorbis: bf7c407c2cedff20999df2af8eb42d56 -> 
========================================================================
Received Import Request.
  Time since last request: 97646.721263 seconds.
  path: Assets/Artworks/dice/32x/angled-left&right-5.png
  artifactKey: Guid(ffb7daf528332dc41ba524d54a2391de) Importer(815301076,1909f56bfc062723c751e8b465ee728b)
Start importing Assets/Artworks/dice/32x/angled-left&right-5.png using Guid(ffb7daf528332dc41ba524d54a2391de) Importer(815301076,1909f56bfc062723c751e8b465ee728b)  -> (artifact id: 'e8b8547ae3158707b525fd5e6aff0729') in 0.448679 seconds 
========================================================================
Received Import Request.
  Time since last request: 0.000038 seconds.
  path: Assets/Artworks/dice/32x/front-6.png
  artifactKey: Guid(62b406271c8405b46a86fbf94d9ba6d9) Importer(815301076,1909f56bfc062723c751e8b465ee728b)
Start importing Assets/Artworks/dice/32x/front-6.png using Guid(62b406271c8405b46a86fbf94d9ba6d9) Importer(815301076,1909f56bfc062723c751e8b465ee728b)  -> (artifact id: '3b4c8b8ac01a7dba242709feb554a23e') in 0.037989 seconds 
========================================================================
Received Import Request.
  Time since last request: 0.000047 seconds.
  path: Assets/Artworks/dice/32x/angled-right-6.png
  artifactKey: Guid(c78388215f169794fb8a5b89283e56bb) Importer(815301076,1909f56bfc062723c751e8b465ee728b)
Start importing Assets/Artworks/dice/32x/angled-right-6.png using Guid(c78388215f169794fb8a5b89283e56bb) Importer(815301076,1909f56bfc062723c751e8b465ee728b)  -> (artifact id: 'fc2da4b34542868a6e307b896913b6a0') in 0.030217 seconds 
========================================================================
Received Import Request.
  Time since last request: 0.000023 seconds.
  path: Assets/Artworks/dice/32x/side-6.png
  artifactKey: Guid(a764569126a5d4641bd52c63450fc33a) Importer(815301076,1909f56bfc062723c751e8b465ee728b)
Start importing Assets/Artworks/dice/32x/side-6.png using Guid(a764569126a5d4641bd52c63450fc33a) Importer(815301076,1909f56bfc062723c751e8b465ee728b)  -> (artifact id: 'ab9b68755c3a797b6242d623b12959e1') in 0.025059 seconds 
========================================================================
Received Import Request.
  Time since last request: 0.000023 seconds.
  path: Assets/Artworks/dice/32x/angled-left-3.png
  artifactKey: Guid(320ccdf801deeb145b98b7a253426d28) Importer(815301076,1909f56bfc062723c751e8b465ee728b)
Start importing Assets/Artworks/dice/32x/angled-left-3.png using Guid(320ccdf801deeb145b98b7a253426d28) Importer(815301076,1909f56bfc062723c751e8b465ee728b)  -> (artifact id: 'faa756f634a61bb4ab642ce44fed821e') in 0.045495 seconds 
========================================================================
Received Import Request.
  Time since last request: 0.000023 seconds.
  path: Assets/Artworks/dice/32x/side-2.png
  artifactKey: Guid(49a1ae22058d4c843a4acda0223b237f) Importer(815301076,1909f56bfc062723c751e8b465ee728b)
Start importing Assets/Artworks/dice/32x/side-2.png using Guid(49a1ae22058d4c843a4acda0223b237f) Importer(815301076,1909f56bfc062723c751e8b465ee728b)  -> (artifact id: '59f1b0f640c5adffa2e4c9b328fb636d') in 0.031970 seconds 
========================================================================
Received Import Request.
  Time since last request: 0.000022 seconds.
  path: Assets/Artworks/dice/32x/angled-right-2.png
  artifactKey: Guid(546fd9bfb48140848bad726a1f5e70f1) Importer(815301076,1909f56bfc062723c751e8b465ee728b)
Start importing Assets/Artworks/dice/32x/angled-right-2.png using Guid(546fd9bfb48140848bad726a1f5e70f1) Importer(815301076,1909f56bfc062723c751e8b465ee728b)  -> (artifact id: '93ffce64a72d5455972f592d16545404') in 0.030257 seconds 
========================================================================
Received Import Request.
  Time since last request: 0.000026 seconds.
  path: Assets/Artworks/dice/32x/angled-left-6.png
  artifactKey: Guid(69d15c786a445aa47985e59510080e66) Importer(815301076,1909f56bfc062723c751e8b465ee728b)
Start importing Assets/Artworks/dice/32x/angled-left-6.png using Guid(69d15c786a445aa47985e59510080e66) Importer(815301076,1909f56bfc062723c751e8b465ee728b)  -> (artifact id: 'c50ed38e2eb2722fa565706f12114c07') in 0.036255 seconds 
========================================================================
Received Import Request.
  Time since last request: 0.000033 seconds.
  path: Assets/Artworks/dice/32x/front&side-1.png
  artifactKey: Guid(8f3c73b70b550ac499b32ee33fc1c25c) Importer(815301076,1909f56bfc062723c751e8b465ee728b)
Start importing Assets/Artworks/dice/32x/front&side-1.png using Guid(8f3c73b70b550ac499b32ee33fc1c25c) Importer(815301076,1909f56bfc062723c751e8b465ee728b)  -> (artifact id: '3dd0c6cf43cddc1008808457cd556a0c') in 0.042818 seconds 
========================================================================
Received Import Request.
  Time since last request: 0.000025 seconds.
  path: Assets/Artworks/dice/32x/angled-left&right-1.png
  artifactKey: Guid(c90c877c5fc21754d83d72ce0bafcfa4) Importer(815301076,1909f56bfc062723c751e8b465ee728b)
Start importing Assets/Artworks/dice/32x/angled-left&right-1.png using Guid(c90c877c5fc21754d83d72ce0bafcfa4) Importer(815301076,1909f56bfc062723c751e8b465ee728b)  -> (artifact id: '3b3fbc03d211e6f35819492f8917449a') in 0.031016 seconds 
========================================================================
Received Import Request.
  Time since last request: 0.000022 seconds.
  path: Assets/Artworks/dice/32x/side-5.png
  artifactKey: Guid(22e47569aee48c548b0482903562f585) Importer(815301076,1909f56bfc062723c751e8b465ee728b)
Start importing Assets/Artworks/dice/32x/side-5.png using Guid(22e47569aee48c548b0482903562f585) Importer(815301076,1909f56bfc062723c751e8b465ee728b)  -> (artifact id: '90f8bae7eace2429679ae97b38d9bd87') in 0.051488 seconds 
========================================================================
Received Import Request.
  Time since last request: 0.000021 seconds.
  path: Assets/Artworks/dice/32x/angled-left-2.png
  artifactKey: Guid(78ae5e7a0e2d4514c83d4e0583f69b99) Importer(815301076,1909f56bfc062723c751e8b465ee728b)
Start importing Assets/Artworks/dice/32x/angled-left-2.png using Guid(78ae5e7a0e2d4514c83d4e0583f69b99) Importer(815301076,1909f56bfc062723c751e8b465ee728b)  -> (artifact id: '5841eca561289016c040147354a98da4') in 0.048224 seconds 
========================================================================
Received Import Request.
  Time since last request: 0.000023 seconds.
  path: Assets/Artworks/dice/32x/front-3.png
  artifactKey: Guid(4815aa9a7585aba4a95cb80d9e6742c5) Importer(815301076,1909f56bfc062723c751e8b465ee728b)
Start importing Assets/Artworks/dice/32x/front-3.png using Guid(4815aa9a7585aba4a95cb80d9e6742c5) Importer(815301076,1909f56bfc062723c751e8b465ee728b)  -> (artifact id: '5320984518ff25505a683f0664d82a31') in 0.045990 seconds 
========================================================================
Received Import Request.
  Time since last request: 0.000029 seconds.
  path: Assets/Artworks/dice/32x
  artifactKey: Guid(601d11ff2a1cfb441ad033893fab1ac9) Importer(815301076,1909f56bfc062723c751e8b465ee728b)
Start importing Assets/Artworks/dice/32x using Guid(601d11ff2a1cfb441ad033893fab1ac9) Importer(815301076,1909f56bfc062723c751e8b465ee728b)  -> (artifact id: 'acd8a5d4312952765e80d96843bdaeb8') in 0.010293 seconds 
========================================================================
Received Import Request.
  Time since last request: 0.000041 seconds.
  path: Assets/Artworks/dice/32x/side-3.png
  artifactKey: Guid(5776334d6c92de84fbbfbcecbd84121d) Importer(815301076,1909f56bfc062723c751e8b465ee728b)
Start importing Assets/Artworks/dice/32x/side-3.png using Guid(5776334d6c92de84fbbfbcecbd84121d) Importer(815301076,1909f56bfc062723c751e8b465ee728b)  -> (artifact id: 'e0f32c666a89beafa6101c92b0a26253') in 0.031096 seconds 
========================================================================
Received Import Request.
  Time since last request: 0.000027 seconds.
  path: Assets/Artworks/dice/32x/angled-right-3.png
  artifactKey: Guid(f20da574d16986b4ca5110ab98642db8) Importer(815301076,1909f56bfc062723c751e8b465ee728b)
Start importing Assets/Artworks/dice/32x/angled-right-3.png using Guid(f20da574d16986b4ca5110ab98642db8) Importer(815301076,1909f56bfc062723c751e8b465ee728b)  -> (artifact id: '31f04bc6f948e8f766140a8cc49c8e0c') in 0.032217 seconds 
========================================================================
Received Import Request.
  Time since last request: 0.000022 seconds.
  path: Assets/Artworks/dice/Dice_display.gif
  artifactKey: Guid(b92f9e58200e30b47a925d5017fcaa98) Importer(815301076,1909f56bfc062723c751e8b465ee728b)
Start importing Assets/Artworks/dice/Dice_display.gif using Guid(b92f9e58200e30b47a925d5017fcaa98) Importer(815301076,1909f56bfc062723c751e8b465ee728b)  -> (artifact id: '858a71c54cc9a299f388ed6aeb9c9407') in 0.047074 seconds 
========================================================================
Received Import Request.
  Time since last request: 0.000026 seconds.
  path: Assets/Artworks/dice/32x/front&side-4.png
  artifactKey: Guid(23e21a5966393264c830081773e40134) Importer(815301076,1909f56bfc062723c751e8b465ee728b)
Start importing Assets/Artworks/dice/32x/front&side-4.png using Guid(23e21a5966393264c830081773e40134) Importer(815301076,1909f56bfc062723c751e8b465ee728b)  -> (artifact id: '774e50068421209e8d0a684892276cbf') in 0.030387 seconds 
========================================================================
Received Import Request.
  Time since last request: 0.000021 seconds.
  path: Assets/Artworks/dice/32x/front-2.png
  artifactKey: Guid(74cc727f3a8a4964c87157d3571bc9db) Importer(815301076,1909f56bfc062723c751e8b465ee728b)
Start importing Assets/Artworks/dice/32x/front-2.png using Guid(74cc727f3a8a4964c87157d3571bc9db) Importer(815301076,1909f56bfc062723c751e8b465ee728b)  -> (artifact id: '28e488fb4d8f7822e677dc7f95dcb79c') in 0.034155 seconds 
========================================================================
Received Import Request.
  Time since last request: 0.000032 seconds.
  path: Assets/Artworks/dice/32x/angled-left&right-4.png
  artifactKey: Guid(9c477944dfc09414295073fb342334c2) Importer(815301076,1909f56bfc062723c751e8b465ee728b)
Start importing Assets/Artworks/dice/32x/angled-left&right-4.png using Guid(9c477944dfc09414295073fb342334c2) Importer(815301076,1909f56bfc062723c751e8b465ee728b)  -> (artifact id: '51b856a5fbddbc60e854f7adb292de4e') in 0.035658 seconds 
========================================================================
Received Import Request.
  Time since last request: 0.000273 seconds.
  path: Assets/Artworks/dice
  artifactKey: Guid(08ffecb58fea89e43929fc909b819149) Importer(815301076,1909f56bfc062723c751e8b465ee728b)
Start importing Assets/Artworks/dice using Guid(08ffecb58fea89e43929fc909b819149) Importer(815301076,1909f56bfc062723c751e8b465ee728b)  -> (artifact id: '9abbc7ffcac54f8c6266b667fbb877a5') in 0.011180 seconds 
========================================================================
Received Import Request.
  Time since last request: 0.000027 seconds.
  path: Assets/Artworks/dice/32x/front-5.png
  artifactKey: Guid(d8bbe67c11c564e4da577c1cf6f82c01) Importer(815301076,1909f56bfc062723c751e8b465ee728b)
Start importing Assets/Artworks/dice/32x/front-5.png using Guid(d8bbe67c11c564e4da577c1cf6f82c01) Importer(815301076,1909f56bfc062723c751e8b465ee728b)  -> (artifact id: 'edae2351dc7526bf38d632790a552f5a') in 0.030789 seconds 
========================================================================
Received Import Request.
  Time since last request: 238.792028 seconds.
  path: Assets/Artworks/Borders
  artifactKey: Guid(e17c4559272a5d345bdaf577e1c73f59) Importer(815301076,1909f56bfc062723c751e8b465ee728b)
Start importing Assets/Artworks/Borders using Guid(e17c4559272a5d345bdaf577e1c73f59) Importer(815301076,1909f56bfc062723c751e8b465ee728b)  -> (artifact id: '29bff9ba42476a895e3a00a1e334b24e') in 0.012438 seconds 
========================================================================
Received Import Request.
  Time since last request: 20.639025 seconds.
  path: Assets/Artworks/Borders/Border.png
  artifactKey: Guid(292f21071bcb4454aa7a905fcfba6755) Importer(815301076,1909f56bfc062723c751e8b465ee728b)
Start importing Assets/Artworks/Borders/Border.png using Guid(292f21071bcb4454aa7a905fcfba6755) Importer(815301076,1909f56bfc062723c751e8b465ee728b)  -> (artifact id: 'e922e75afe3fdb43fb48716029c73d8d') in 0.027583 seconds 
========================================================================
Received Import Request.
  Time since last request: 0.000028 seconds.
  path: Assets/Artworks/Borders/Border_2.png
  artifactKey: Guid(04abe3a9815307b42a93cc3045496184) Importer(815301076,1909f56bfc062723c751e8b465ee728b)
Start importing Assets/Artworks/Borders/Border_2.png using Guid(04abe3a9815307b42a93cc3045496184) Importer(815301076,1909f56bfc062723c751e8b465ee728b)  -> (artifact id: '6c7fe43615b267c1f13100fc75c574f5') in 0.018999 seconds 
========================================================================
Received Import Request.
  Time since last request: 0.000026 seconds.
  path: Assets/Artworks/Borders/Border_3.png
  artifactKey: Guid(9c449822d52598240b0933d0467d0cc4) Importer(815301076,1909f56bfc062723c751e8b465ee728b)
Start importing Assets/Artworks/Borders/Border_3.png using Guid(9c449822d52598240b0933d0467d0cc4) Importer(815301076,1909f56bfc062723c751e8b465ee728b)  -> (artifact id: 'da1786179858584815ccc58124f2734f') in 0.018815 seconds 
========================================================================
Received Import Request.
  Time since last request: 32.743610 seconds.
  path: Assets/Artworks/Borders/Border.asset
  artifactKey: Guid(88369fe0e9bf0c546b3f42e59ea0acd7) Importer(815301076,1909f56bfc062723c751e8b465ee728b)
Start importing Assets/Artworks/Borders/Border.asset using Guid(88369fe0e9bf0c546b3f42e59ea0acd7) Importer(815301076,1909f56bfc062723c751e8b465ee728b)  -> (artifact id: '4a262bed02972aa53749ab08e17eb01e') in 0.030434 seconds 
========================================================================
Received Import Request.
  Time since last request: 4.809439 seconds.
  path: Assets/Artworks/Borders/Border_2.asset
  artifactKey: Guid(c3fdb82187982964097aec833b8e2b23) Importer(815301076,1909f56bfc062723c751e8b465ee728b)
Start importing Assets/Artworks/Borders/Border_2.asset using Guid(c3fdb82187982964097aec833b8e2b23) Importer(815301076,1909f56bfc062723c751e8b465ee728b)  -> (artifact id: 'b1c51d83c0534bda6aa3059051f1aaef') in 0.019904 seconds 
========================================================================
Received Import Request.
  Time since last request: 4.831526 seconds.
  path: Assets/Artworks/Borders/Border_3.asset
  artifactKey: Guid(bae3a48573bbbaf4eaabd34cc7eeee34) Importer(815301076,1909f56bfc062723c751e8b465ee728b)
Start importing Assets/Artworks/Borders/Border_3.asset using Guid(bae3a48573bbbaf4eaabd34cc7eeee34) Importer(815301076,1909f56bfc062723c751e8b465ee728b)  -> (artifact id: '3c7fc4e4e39ccc019a36a6242fe63604') in 0.014985 seconds 
========================================================================
Received Import Request.
  Time since last request: 7.769338 seconds.
  path: Assets/Artworks/Borders/Assets
  artifactKey: Guid(8307963b054dc874482e8952a3c7e563) Importer(815301076,1909f56bfc062723c751e8b465ee728b)
Start importing Assets/Artworks/Borders/Assets using Guid(8307963b054dc874482e8952a3c7e563) Importer(815301076,1909f56bfc062723c751e8b465ee728b)  -> (artifact id: 'db49e165fce6071fb8bd6f0d1f982014') in 0.011501 seconds 
========================================================================
Received Prepare
Registering precompiled user dll's ...
Registered in 0.013599 seconds.
Begin MonoManager ReloadAssembly
Symbol file LoadedFromMemory doesn't match image C:\Users\Vito\Documents\GitHub\Roll-the-dice\Library\PackageCache\com.unity.visualscripting@1.7.8\Editor\VisualScripting.Core\Dependencies\YamlDotNet\Unity.VisualScripting.YamlDotNet.dll
Symbol file LoadedFromMemory doesn't match image C:\Users\Vito\Documents\GitHub\Roll-the-dice\Library\PackageCache\com.unity.visualscripting@1.7.8\Editor\VisualScripting.Core\Dependencies\DotNetZip\Unity.VisualScripting.IonicZip.dll
Native extension for LinuxStandalone target not found
Native extension for WindowsStandalone target not found
Refreshing native plugins compatible for Editor in 0.95 ms, found 4 plugins.
Preloading 0 native plugins for Editor in 0.00 ms.
Mono: successfully reloaded assembly
- Completed reload, in  2.301 seconds
Domain Reload Profiling:
	ReloadAssembly (2301ms)
		BeginReloadAssembly (268ms)
			ExecutionOrderSort (0ms)
			DisableScriptedObjects (13ms)
			BackupInstance (0ms)
			ReleaseScriptingObjects (0ms)
			CreateAndSetChildDomain (76ms)
		EndReloadAssembly (1803ms)
			LoadAssemblies (201ms)
			RebuildTransferFunctionScriptingTraits (0ms)
			SetupTypeCache (557ms)
			ReleaseScriptCaches (2ms)
			RebuildScriptCaches (87ms)
			SetupLoadedEditorAssemblies (858ms)
				LogAssemblyErrors (0ms)
				InitializePlatformSupportModulesInManaged (36ms)
				SetLoadedEditorAssemblies (1ms)
				RefreshPlugins (1ms)
				BeforeProcessingInitializeOnLoad (206ms)
				ProcessInitializeOnLoadAttributes (518ms)
				ProcessInitializeOnLoadMethodAttributes (77ms)
				AfterProcessingInitializeOnLoad (18ms)
				EditorAssembliesLoaded (0ms)
			ExecutionOrderSort2 (0ms)
			AwakeInstancesAfterBackupRestoration (22ms)
Platform modules already initialized, skipping
Refreshing native plugins compatible for Editor in 5.17 ms, found 4 plugins.
Preloading 0 native plugins for Editor in 0.00 ms.
Unloading 4061 Unused Serialized files (Serialized files now loaded: 0)
Unloading 31 unused Assets / (189.9 KB). Loaded Objects now: 4531.
Memory consumption went from 155.8 MB to 155.6 MB.
Total: 4.962200 ms (FindLiveObjects: 0.699000 ms CreateObjectMapping: 0.521800 ms MarkObjects: 3.580400 ms  DeleteObjects: 0.159800 ms)

AssetImportParameters requested are different than current active one (requested -> active):
  custom:video-decoder-ogg-theora: a1e56fd34408186e4bbccfd4996cb3dc -> 
  custom:container-muxer-webm: aa71ff27fc2769a1b78a27578f13a17b -> 
  custom:container-demuxer-webm: 4f35f7cbe854078d1ac9338744f61a02 -> 
  custom:video-encoder-webm-vp8: eb34c28f22e8b96e1ab97ce403110664 -> 
  custom:audio-encoder-webm-vorbis: bf7c407c2cedff20999df2af8eb42d56 -> 
  custom:framework-win-MediaFoundation: 216162199b28c13a410421893ffa2e32 -> 
  custom:container-demuxer-ogg: 62fdf1f143b41e24485cea50d1cbac27 -> 
  custom:video-decoder-webm-vp8: 9c59270c3fd7afecdb556c50c9e8de78 -> 
  custom:audio-decoder-ogg-vorbis: bf7c407c2cedff20999df2af8eb42d56 -> 
========================================================================
Received Prepare
Registering precompiled user dll's ...
Registered in 0.015788 seconds.
Begin MonoManager ReloadAssembly
Symbol file LoadedFromMemory doesn't match image C:\Users\Vito\Documents\GitHub\Roll-the-dice\Library\PackageCache\com.unity.visualscripting@1.7.8\Editor\VisualScripting.Core\Dependencies\YamlDotNet\Unity.VisualScripting.YamlDotNet.dll
Symbol file LoadedFromMemory doesn't match image C:\Users\Vito\Documents\GitHub\Roll-the-dice\Library\PackageCache\com.unity.visualscripting@1.7.8\Editor\VisualScripting.Core\Dependencies\DotNetZip\Unity.VisualScripting.IonicZip.dll
Native extension for LinuxStandalone target not found
Native extension for WindowsStandalone target not found
Refreshing native plugins compatible for Editor in 1.07 ms, found 4 plugins.
Preloading 0 native plugins for Editor in 0.00 ms.
Mono: successfully reloaded assembly
- Completed reload, in  2.987 seconds
Domain Reload Profiling:
	ReloadAssembly (2988ms)
		BeginReloadAssembly (295ms)
			ExecutionOrderSort (0ms)
			DisableScriptedObjects (17ms)
			BackupInstance (0ms)
			ReleaseScriptingObjects (0ms)
			CreateAndSetChildDomain (68ms)
		EndReloadAssembly (2152ms)
			LoadAssemblies (280ms)
			RebuildTransferFunctionScriptingTraits (0ms)
			SetupTypeCache (627ms)
			ReleaseScriptCaches (2ms)
			RebuildScriptCaches (98ms)
			SetupLoadedEditorAssemblies (929ms)
				LogAssemblyErrors (0ms)
				InitializePlatformSupportModulesInManaged (37ms)
				SetLoadedEditorAssemblies (1ms)
				RefreshPlugins (1ms)
				BeforeProcessingInitializeOnLoad (215ms)
				ProcessInitializeOnLoadAttributes (560ms)
				ProcessInitializeOnLoadMethodAttributes (91ms)
				AfterProcessingInitializeOnLoad (24ms)
				EditorAssembliesLoaded (0ms)
			ExecutionOrderSort2 (0ms)
			AwakeInstancesAfterBackupRestoration (43ms)
Platform modules already initialized, skipping
Refreshing native plugins compatible for Editor in 3.96 ms, found 4 plugins.
Preloading 0 native plugins for Editor in 0.00 ms.
Unloading 4061 Unused Serialized files (Serialized files now loaded: 0)
Unloading 31 unused Assets / (190.1 KB). Loaded Objects now: 4534.
Memory consumption went from 155.8 MB to 155.6 MB.
Total: 4.533100 ms (FindLiveObjects: 0.346600 ms CreateObjectMapping: 0.261600 ms MarkObjects: 3.622500 ms  DeleteObjects: 0.301500 ms)

AssetImportParameters requested are different than current active one (requested -> active):
  custom:video-decoder-ogg-theora: a1e56fd34408186e4bbccfd4996cb3dc -> 
  custom:container-muxer-webm: aa71ff27fc2769a1b78a27578f13a17b -> 
  custom:container-demuxer-webm: 4f35f7cbe854078d1ac9338744f61a02 -> 
  custom:video-encoder-webm-vp8: eb34c28f22e8b96e1ab97ce403110664 -> 
  custom:audio-encoder-webm-vorbis: bf7c407c2cedff20999df2af8eb42d56 -> 
  custom:framework-win-MediaFoundation: 216162199b28c13a410421893ffa2e32 -> 
  custom:container-demuxer-ogg: 62fdf1f143b41e24485cea50d1cbac27 -> 
  custom:video-decoder-webm-vp8: 9c59270c3fd7afecdb556c50c9e8de78 -> 
  custom:audio-decoder-ogg-vorbis: bf7c407c2cedff20999df2af8eb42d56 -> 
========================================================================
Received Prepare
Registering precompiled user dll's ...
Registered in 0.013614 seconds.
Begin MonoManager ReloadAssembly
Symbol file LoadedFromMemory doesn't match image C:\Users\Vito\Documents\GitHub\Roll-the-dice\Library\PackageCache\com.unity.visualscripting@1.7.8\Editor\VisualScripting.Core\Dependencies\YamlDotNet\Unity.VisualScripting.YamlDotNet.dll
Symbol file LoadedFromMemory doesn't match image C:\Users\Vito\Documents\GitHub\Roll-the-dice\Library\PackageCache\com.unity.visualscripting@1.7.8\Editor\VisualScripting.Core\Dependencies\DotNetZip\Unity.VisualScripting.IonicZip.dll
Native extension for LinuxStandalone target not found
Native extension for WindowsStandalone target not found
Refreshing native plugins compatible for Editor in 0.90 ms, found 4 plugins.
Preloading 0 native plugins for Editor in 0.00 ms.
Mono: successfully reloaded assembly
- Completed reload, in  2.021 seconds
Domain Reload Profiling:
	ReloadAssembly (2022ms)
		BeginReloadAssembly (208ms)
			ExecutionOrderSort (0ms)
			DisableScriptedObjects (10ms)
			BackupInstance (0ms)
			ReleaseScriptingObjects (0ms)
			CreateAndSetChildDomain (49ms)
		EndReloadAssembly (1636ms)
			LoadAssemblies (185ms)
			RebuildTransferFunctionScriptingTraits (0ms)
			SetupTypeCache (479ms)
			ReleaseScriptCaches (2ms)
			RebuildScriptCaches (97ms)
			SetupLoadedEditorAssemblies (771ms)
				LogAssemblyErrors (0ms)
				InitializePlatformSupportModulesInManaged (31ms)
				SetLoadedEditorAssemblies (1ms)
				RefreshPlugins (1ms)
				BeforeProcessingInitializeOnLoad (147ms)
				ProcessInitializeOnLoadAttributes (464ms)
				ProcessInitializeOnLoadMethodAttributes (110ms)
				AfterProcessingInitializeOnLoad (16ms)
				EditorAssembliesLoaded (0ms)
			ExecutionOrderSort2 (0ms)
			AwakeInstancesAfterBackupRestoration (23ms)
Platform modules already initialized, skipping
Refreshing native plugins compatible for Editor in 4.23 ms, found 4 plugins.
Preloading 0 native plugins for Editor in 0.00 ms.
Unloading 4061 Unused Serialized files (Serialized files now loaded: 0)
Unloading 31 unused Assets / (190.2 KB). Loaded Objects now: 4537.
Memory consumption went from 155.8 MB to 155.6 MB.
Total: 7.062100 ms (FindLiveObjects: 0.674400 ms CreateObjectMapping: 0.418100 ms MarkObjects: 5.799000 ms  DeleteObjects: 0.169500 ms)

AssetImportParameters requested are different than current active one (requested -> active):
  custom:video-decoder-ogg-theora: a1e56fd34408186e4bbccfd4996cb3dc -> 
  custom:container-muxer-webm: aa71ff27fc2769a1b78a27578f13a17b -> 
  custom:container-demuxer-webm: 4f35f7cbe854078d1ac9338744f61a02 -> 
  custom:video-encoder-webm-vp8: eb34c28f22e8b96e1ab97ce403110664 -> 
  custom:audio-encoder-webm-vorbis: bf7c407c2cedff20999df2af8eb42d56 -> 
  custom:framework-win-MediaFoundation: 216162199b28c13a410421893ffa2e32 -> 
  custom:container-demuxer-ogg: 62fdf1f143b41e24485cea50d1cbac27 -> 
  custom:video-decoder-webm-vp8: 9c59270c3fd7afecdb556c50c9e8de78 -> 
  custom:audio-decoder-ogg-vorbis: bf7c407c2cedff20999df2af8eb42d56 -> 
========================================================================
Received Prepare
Registering precompiled user dll's ...
Registered in 0.039121 seconds.
Begin MonoManager ReloadAssembly
Symbol file LoadedFromMemory doesn't match image C:\Users\Vito\Documents\GitHub\Roll-the-dice\Library\PackageCache\com.unity.visualscripting@1.7.8\Editor\VisualScripting.Core\Dependencies\YamlDotNet\Unity.VisualScripting.YamlDotNet.dll
Symbol file LoadedFromMemory doesn't match image C:\Users\Vito\Documents\GitHub\Roll-the-dice\Library\PackageCache\com.unity.visualscripting@1.7.8\Editor\VisualScripting.Core\Dependencies\DotNetZip\Unity.VisualScripting.IonicZip.dll
Native extension for LinuxStandalone target not found
Native extension for WindowsStandalone target not found
Refreshing native plugins compatible for Editor in 1.14 ms, found 4 plugins.
Preloading 0 native plugins for Editor in 0.00 ms.
Mono: successfully reloaded assembly
- Completed reload, in  2.121 seconds
Domain Reload Profiling:
	ReloadAssembly (2122ms)
		BeginReloadAssembly (292ms)
			ExecutionOrderSort (0ms)
			DisableScriptedObjects (13ms)
			BackupInstance (0ms)
			ReleaseScriptingObjects (0ms)
			CreateAndSetChildDomain (72ms)
		EndReloadAssembly (1629ms)
			LoadAssemblies (228ms)
			RebuildTransferFunctionScriptingTraits (0ms)
			SetupTypeCache (486ms)
			ReleaseScriptCaches (2ms)
			RebuildScriptCaches (105ms)
			SetupLoadedEditorAssemblies (728ms)
				LogAssemblyErrors (0ms)
				InitializePlatformSupportModulesInManaged (33ms)
				SetLoadedEditorAssemblies (1ms)
				RefreshPlugins (1ms)
				BeforeProcessingInitializeOnLoad (153ms)
				ProcessInitializeOnLoadAttributes (438ms)
				ProcessInitializeOnLoadMethodAttributes (83ms)
				AfterProcessingInitializeOnLoad (19ms)
				EditorAssembliesLoaded (0ms)
			ExecutionOrderSort2 (0ms)
			AwakeInstancesAfterBackupRestoration (21ms)
Platform modules already initialized, skipping
Refreshing native plugins compatible for Editor in 5.22 ms, found 4 plugins.
Preloading 0 native plugins for Editor in 0.00 ms.
Unloading 4061 Unused Serialized files (Serialized files now loaded: 0)
Unloading 31 unused Assets / (189.9 KB). Loaded Objects now: 4540.
Memory consumption went from 155.8 MB to 155.6 MB.
Total: 6.150700 ms (FindLiveObjects: 0.596200 ms CreateObjectMapping: 0.409800 ms MarkObjects: 4.652800 ms  DeleteObjects: 0.490700 ms)

AssetImportParameters requested are different than current active one (requested -> active):
  custom:video-decoder-ogg-theora: a1e56fd34408186e4bbccfd4996cb3dc -> 
  custom:container-muxer-webm: aa71ff27fc2769a1b78a27578f13a17b -> 
  custom:container-demuxer-webm: 4f35f7cbe854078d1ac9338744f61a02 -> 
  custom:video-encoder-webm-vp8: eb34c28f22e8b96e1ab97ce403110664 -> 
  custom:audio-encoder-webm-vorbis: bf7c407c2cedff20999df2af8eb42d56 -> 
  custom:framework-win-MediaFoundation: 216162199b28c13a410421893ffa2e32 -> 
  custom:container-demuxer-ogg: 62fdf1f143b41e24485cea50d1cbac27 -> 
  custom:video-decoder-webm-vp8: 9c59270c3fd7afecdb556c50c9e8de78 -> 
  custom:audio-decoder-ogg-vorbis: bf7c407c2cedff20999df2af8eb42d56 -> 
========================================================================
Received Import Request.
  Time since last request: 254.103150 seconds.
  path: Assets/Scenes/SampleScene.unity
  artifactKey: Guid(0950f0381c5228446a2f9302c77b9e15) Importer(815301076,1909f56bfc062723c751e8b465ee728b)
Start importing Assets/Scenes/SampleScene.unity using Guid(0950f0381c5228446a2f9302c77b9e15) Importer(815301076,1909f56bfc062723c751e8b465ee728b)  -> (artifact id: 'b36baf73d367e678b1c4032b273a1313') in 0.024150 seconds 
========================================================================
Received Import Request.
  Time since last request: 6.284465 seconds.
  path: Assets/Scenes/MainMap.unity
  artifactKey: Guid(0950f0381c5228446a2f9302c77b9e15) Importer(815301076,1909f56bfc062723c751e8b465ee728b)
Start importing Assets/Scenes/MainMap.unity using Guid(0950f0381c5228446a2f9302c77b9e15) Importer(815301076,1909f56bfc062723c751e8b465ee728b)  -> (artifact id: 'a096777e5dfc698067a0f34e018b4c91') in 0.011799 seconds 
========================================================================
Received Import Request.
  Time since last request: 12.349108 seconds.
  path: Assets/Scenes/MainMap 1.unity
  artifactKey: Guid(07551993e4eabe940b09f802607ebc84) Importer(815301076,1909f56bfc062723c751e8b465ee728b)
Start importing Assets/Scenes/MainMap 1.unity using Guid(07551993e4eabe940b09f802607ebc84) Importer(815301076,1909f56bfc062723c751e8b465ee728b)  -> (artifact id: 'ee3d65ef0e6077b8b6778649c1169881') in 0.013139 seconds 
========================================================================
Received Import Request.
  Time since last request: 6.249150 seconds.
  path: Assets/Scenes/TestingMap.unity
  artifactKey: Guid(07551993e4eabe940b09f802607ebc84) Importer(815301076,1909f56bfc062723c751e8b465ee728b)
Start importing Assets/Scenes/TestingMap.unity using Guid(07551993e4eabe940b09f802607ebc84) Importer(815301076,1909f56bfc062723c751e8b465ee728b)  -> (artifact id: '2e71c0398e72fb0d86b98ebd9a754dbe') in 0.010385 seconds 
========================================================================
Received Import Request.
  Time since last request: 3115.759946 seconds.
  path: Assets/Artworks/Tilemaps/Actual island.prefab
  artifactKey: Guid(3c0d655817a464c498d31dddc295111e) Importer(815301076,1909f56bfc062723c751e8b465ee728b)
Start importing Assets/Artworks/Tilemaps/Actual island.prefab using Guid(3c0d655817a464c498d31dddc295111e) Importer(815301076,1909f56bfc062723c751e8b465ee728b)  -> (artifact id: '24cd73913f4b06c72a82e22b0390bf9d') in 0.549399 seconds 
